<?xml version="1.0" encoding="UTF-8"?>
<!-- Generated by org.testng.reporters.JUnitXMLReporter -->
<testsuite hostname="TGS-DPC-2374" name="Class" tests="3" failures="2" timestamp="20 Jun 2018 06:18:40 GMT" time="52.892" errors="0">
  <testcase name="TC001_verifyaccountinfopage" time="5.162" classname="TestCases.TC001_AccountinfoPage"/>
  <testcase name="TC002_VerifyPaymentsPage" time="20.083" classname="TestCases.TC002_PaymentsPage">
    <failure type="java.lang.NullPointerException">
      <![CDATA[java.lang.NullPointerException
	at TestCases.TC002_PaymentsPage.TC002_VerifyPaymentsPage(TC002_PaymentsPage.java:16)
... Removed 24 stack frames]]>
    </failure>
  </testcase> <!-- TC002_VerifyPaymentsPage -->
  <testcase name="TC003_PlaceAdvertisement" time="20.098" classname="TestCases.TC003_PlaceAdPage">
    <failure type="java.lang.NullPointerException">
      <![CDATA[java.lang.NullPointerException
	at TestCases.TC003_PlaceAdPage.TC003_PlaceAdvertisement(TC003_PlaceAdPage.java:14)
... Removed 24 stack frames]]>
    </failure>
  </testcase> <!-- TC003_PlaceAdvertisement -->
</testsuite> <!-- Class -->
