<?xml version="1.0" encoding="UTF-8"?>
<!-- Generated by org.testng.reporters.JUnitXMLReporter -->
<testsuite hostname="TGS-DPC-2374" name="Test" tests="3" failures="0" timestamp="20 Jun 2018 06:36:53 GMT" time="40.04" errors="0">
  <testcase name="TC001_verifyaccountinfopage" time="12.716" classname="TestCases.TC001_AccountinfoPage"/>
  <testcase name="TC002_VerifyPaymentsPage" time="12.802" classname="TestCases.TC002_PaymentsPage"/>
  <testcase name="TC003_PlaceAdvertisement" time="12.761" classname="TestCases.TC003_PlaceAdPage"/>
</testsuite> <!-- Test -->
