<?xml version="1.0" encoding="UTF-8"?>
<!-- Generated by org.testng.reporters.JUnitXMLReporter -->
<testsuite hostname="TGS-DPC-2374" name="My Test Execution1" tests="3" failures="0" timestamp="20 Jun 2018 12:37:30 GMT" time="43.406" errors="0">
  <testcase name="TC001_verifyaccountinfopage" time="13.008" classname="TestCases.TC001_AccountinfoPage"/>
  <testcase name="TC002_VerifyPaymentsPage" time="13.711" classname="TestCases.TC002_PaymentsPage"/>
  <testcase name="TC003_PlaceAdvertisement" time="14.899" classname="TestCases.TC003_PlaceAdPage"/>
</testsuite> <!-- My Test Execution1 -->
