<?xml version="1.0" encoding="UTF-8"?>
<!-- Generated by org.testng.reporters.JUnitXMLReporter -->
<testsuite hostname="TGS-DPC-2374" name="Test" tests="3" failures="2" timestamp="20 Jun 2018 05:45:55 GMT" time="54.861" errors="0">
  <testcase name="verifyaccountinfopage" time="6.062" classname="TestCases.TC001_AccountinfoPage"/>
  <testcase name="VerifyPaymentsPage" time="20.075" classname="TestCases.TC002_PaymentsPage">
    <failure type="java.lang.NullPointerException">
      <![CDATA[java.lang.NullPointerException
	at TestCases.TC002_PaymentsPage.VerifyPaymentsPage(TC002_PaymentsPage.java:16)
... Removed 24 stack frames]]>
    </failure>
  </testcase> <!-- VerifyPaymentsPage -->
  <testcase name="PlaceAdvertisement" time="20.061" classname="TestCases.TC003_PlaceAdPage">
    <failure type="java.lang.NullPointerException">
      <![CDATA[java.lang.NullPointerException
	at TestCases.TC003_PlaceAdPage.PlaceAdvertisement(TC003_PlaceAdPage.java:14)
... Removed 24 stack frames]]>
    </failure>
  </testcase> <!-- PlaceAdvertisement -->
</testsuite> <!-- Test -->
